<?xml version="1.0" encoding="UTF-8"?>
<!-- Generated by org.testng.reporters.JUnitXMLReporter -->
<testsuite hostname="Raefa-PC" ignored="5" name="Regression" tests="6" failures="0" timestamp="20 Jan 2019 14:19:48 GMT" time="118.058" errors="0">
  <testcase name="@BeforeMethod setUp" time="5.693" classname="hobsons.com.testCases.OpenPositionTestCases">
    <failure type="org.openqa.selenium.WebDriverException" message="unknown error: Element &amp;lt;button&amp;gt;...&amp;lt;/button&amp;gt; is not clickable at point (994, 611). Other element would receive the click: &amp;lt;div id=&amp;quot;cookienotice&amp;quot; class=&amp;quot;visible&amp;quot;&amp;gt;...&amp;lt;/div&amp;gt;
  (Session info: chrome=71.0.3578.98)
  (Driver info: chromedriver=72.0.3626.7 (efcef9a3ecda02b2132af215116a03852d08b9cb),platform=Windows NT 6.1.7601 SP1 x86) (WARNING: The server did not provide any stacktrace information)
Command duration or timeout: 0 milliseconds
Build info: version: &amp;apos;3.14.0&amp;apos;, revision: &amp;apos;aacccce0&amp;apos;, time: &amp;apos;2018-08-02T20:19:58.91Z&amp;apos;
System info: host: &amp;apos;RAEFA-PC&amp;apos;, ip: &amp;apos;192.168.1.3&amp;apos;, os.name: &amp;apos;Windows 7&amp;apos;, os.arch: &amp;apos;x86&amp;apos;, os.version: &amp;apos;6.1&amp;apos;, java.version: &amp;apos;1.8.0_201&amp;apos;
Driver info: org.openqa.selenium.chrome.ChromeDriver
Capabilities {acceptInsecureCerts: false, acceptSslCerts: false, applicationCacheEnabled: false, browserConnectionEnabled: false, browserName: chrome, chrome: {chromedriverVersion: 72.0.3626.7 (efcef9a3ecda02..., userDataDir: C:\Users\Raefa\AppData\Loca...}, cssSelectorsEnabled: true, databaseEnabled: false, goog:chromeOptions: {debuggerAddress: localhost:53715}, handlesAlerts: true, hasTouchScreen: false, javascriptEnabled: true, locationContextEnabled: true, mobileEmulationEnabled: false, nativeEvents: true, networkConnectionEnabled: false, pageLoadStrategy: normal, platform: XP, platformName: XP, proxy: Proxy(), rotatable: false, setWindowRect: true, takesHeapSnapshot: true, takesScreenshot: true, timeouts: {implicit: 0, pageLoad: 300000, script: 30000}, unexpectedAlertBehaviour: ignore, unhandledPromptBehavior: ignore, version: 71.0.3578.98, webStorageEnabled: true}
Session ID: 17471d98eb877d3f443db08324a4c2ea">
      <![CDATA[org.openqa.selenium.WebDriverException: unknown error: Element <button>...</button> is not clickable at point (994, 611). Other element would receive the click: <div id="cookienotice" class="visible">...</div>
  (Session info: chrome=71.0.3578.98)
  (Driver info: chromedriver=72.0.3626.7 (efcef9a3ecda02b2132af215116a03852d08b9cb),platform=Windows NT 6.1.7601 SP1 x86) (WARNING: The server did not provide any stacktrace information)
Command duration or timeout: 0 milliseconds
Build info: version: '3.14.0', revision: 'aacccce0', time: '2018-08-02T20:19:58.91Z'
System info: host: 'RAEFA-PC', ip: '192.168.1.3', os.name: 'Windows 7', os.arch: 'x86', os.version: '6.1', java.version: '1.8.0_201'
Driver info: org.openqa.selenium.chrome.ChromeDriver
Capabilities {acceptInsecureCerts: false, acceptSslCerts: false, applicationCacheEnabled: false, browserConnectionEnabled: false, browserName: chrome, chrome: {chromedriverVersion: 72.0.3626.7 (efcef9a3ecda02..., userDataDir: C:\Users\Raefa\AppData\Loca...}, cssSelectorsEnabled: true, databaseEnabled: false, goog:chromeOptions: {debuggerAddress: localhost:53715}, handlesAlerts: true, hasTouchScreen: false, javascriptEnabled: true, locationContextEnabled: true, mobileEmulationEnabled: false, nativeEvents: true, networkConnectionEnabled: false, pageLoadStrategy: normal, platform: XP, platformName: XP, proxy: Proxy(), rotatable: false, setWindowRect: true, takesHeapSnapshot: true, takesScreenshot: true, timeouts: {implicit: 0, pageLoad: 300000, script: 30000}, unexpectedAlertBehaviour: ignore, unhandledPromptBehavior: ignore, version: 71.0.3578.98, webStorageEnabled: true}
Session ID: 17471d98eb877d3f443db08324a4c2ea
	at org.openqa.selenium.remote.ErrorHandler.createThrowable(ErrorHandler.java:214)
	at org.openqa.selenium.remote.ErrorHandler.throwIfResponseFailed(ErrorHandler.java:166)
	at org.openqa.selenium.remote.http.JsonHttpResponseCodec.reconstructValue(JsonHttpResponseCodec.java:40)
	at org.openqa.selenium.remote.http.AbstractHttpResponseCodec.decode(AbstractHttpResponseCodec.java:80)
	at org.openqa.selenium.remote.http.AbstractHttpResponseCodec.decode(AbstractHttpResponseCodec.java:44)
	at org.openqa.selenium.remote.HttpCommandExecutor.execute(HttpCommandExecutor.java:158)
	at org.openqa.selenium.remote.service.DriverCommandExecutor.execute(DriverCommandExecutor.java:83)
	at org.openqa.selenium.remote.RemoteWebDriver.execute(RemoteWebDriver.java:548)
	at org.openqa.selenium.remote.RemoteWebElement.execute(RemoteWebElement.java:276)
	at org.openqa.selenium.remote.RemoteWebElement.click(RemoteWebElement.java:83)
	at hobsons.com.utility.supportUtility.popupHndler(supportUtility.java:45)
	at hobsons.com.testCases.OpenPositionTestCases.setUp(OpenPositionTestCases.java:30)
... Removed 31 stack frames]]>
    </failure>
  </testcase> <!-- @BeforeMethod setUp -->
  <testcase name="applicationformFillUp" time="13.164" classname="hobsons.com.testCases.ApplicationSignUpTestCase"/>
  <testcase name="IntroVideo" time="17.781" classname="hobsons.com.testCases.CareerPageTestCases"/>
  <testcase name="applyforaposition" time="0.02" classname="hobsons.com.testCases.OpenPositionTestCases">
    <skipped/>
  </testcase> <!-- applyforaposition -->
  <testcase name="applyforaposition" time="0.0" classname="hobsons.com.testCases.OpenPositionTestCases">
    <skipped/>
  </testcase> <!-- applyforaposition -->
  <testcase name="VisitOpenOpportunities" time="1.7" classname="hobsons.com.testCases.CareerPageTestCases"/>
  <testcase name="visitCareerPage" time="7.317" classname="hobsons.com.testCases.HomePageTestCases"/>
  <testcase name="Validatepagetitle" time="0.0" classname="hobsons.com.testCases.CareerPageTestCases">
    <ignored/>
  </testcase> <!-- Validatepagetitle -->
  <testcase name="homePageTitle" time="0.0" classname="hobsons.com.testCases.HomePageTestCases">
    <ignored/>
  </testcase> <!-- homePageTitle -->
  <testcase name="OpenPositionInArlington" time="0.0" classname="hobsons.com.testCases.OpenPositionTestCases">
    <ignored/>
  </testcase> <!-- OpenPositionInArlington -->
  <testcase name="homePageTest" time="0.0" classname="hobsons.com.testCases.HomePageTestCases">
    <ignored/>
  </testcase> <!-- homePageTest -->
  <testcase name="RequireFielderrorMessageValidation" time="0.0" classname="hobsons.com.testCases.ApplicationSignUpTestCase">
    <ignored/>
  </testcase> <!-- RequireFielderrorMessageValidation -->
</testsuite> <!-- Regression -->
