<?xml version="1.0" encoding="UTF-8"?>
<!-- Generated by org.testng.reporters.JUnitXMLReporter -->
<testsuite hostname="Raefa-PC" ignored="0" name="Test" tests="12" failures="1" timestamp="20 Jan 2019 13:41:20 GMT" time="172.117" errors="0">
  <testcase name="@BeforeMethod setUp" time="14.488" classname="hobsons.com.testCases.ApplicationSignUpTestCase">
    <failure type="org.openqa.selenium.NoSuchSessionException" message="Session ID is null. Using WebDriver after calling quit()?
Build info: version: &amp;apos;3.14.0&amp;apos;, revision: &amp;apos;aacccce0&amp;apos;, time: &amp;apos;2018-08-02T20:19:58.91Z&amp;apos;
System info: host: &amp;apos;RAEFA-PC&amp;apos;, ip: &amp;apos;192.168.1.3&amp;apos;, os.name: &amp;apos;Windows 7&amp;apos;, os.arch: &amp;apos;x86&amp;apos;, os.version: &amp;apos;6.1&amp;apos;, java.version: &amp;apos;1.8.0_201&amp;apos;
Driver info: driver.version: RemoteWebDriver">
      <![CDATA[org.openqa.selenium.NoSuchSessionException: Session ID is null. Using WebDriver after calling quit()?
Build info: version: '3.14.0', revision: 'aacccce0', time: '2018-08-02T20:19:58.91Z'
System info: host: 'RAEFA-PC', ip: '192.168.1.3', os.name: 'Windows 7', os.arch: 'x86', os.version: '6.1', java.version: '1.8.0_201'
Driver info: driver.version: RemoteWebDriver
	at org.openqa.selenium.remote.HttpCommandExecutor.execute(HttpCommandExecutor.java:125)
	at org.openqa.selenium.remote.service.DriverCommandExecutor.execute(DriverCommandExecutor.java:83)
	at org.openqa.selenium.remote.RemoteWebDriver.execute(RemoteWebDriver.java:548)
	at org.openqa.selenium.remote.RemoteWebElement.execute(RemoteWebElement.java:276)
	at org.openqa.selenium.remote.RemoteWebElement.getText(RemoteWebElement.java:160)
	at hobsons.com.pages.OpenPositions.applyNow(OpenPositions.java:29)
	at hobsons.com.testCases.ApplicationSignUpTestCase.setUp(ApplicationSignUpTestCase.java:34)
... Removed 27 stack frames]]>
    </failure>
  </testcase> <!-- @BeforeMethod setUp -->
  <testcase name="Validatepagetitle" time="0.021" classname="hobsons.com.testCases.CareerPageTestCases"/>
  <testcase name="homePageTitle" time="0.014" classname="hobsons.com.testCases.HomePageTestCases"/>
  <testcase name="OpenPositionInArlington" time="0.507" classname="hobsons.com.testCases.OpenPositionTestCases"/>
  <testcase name="IntroVideo" time="17.757" classname="hobsons.com.testCases.CareerPageTestCases"/>
  <testcase name="homePageTest" time="1.057" classname="hobsons.com.testCases.HomePageTestCases"/>
  <testcase name="applyforaposition" time="0.002" classname="hobsons.com.testCases.OpenPositionTestCases">
    <skipped/>
  </testcase> <!-- applyforaposition -->
  <testcase name="applyforaposition" time="0.009" classname="hobsons.com.testCases.OpenPositionTestCases">
    <skipped/>
  </testcase> <!-- applyforaposition -->
  <testcase name="applyforaposition" time="0.001" classname="hobsons.com.testCases.OpenPositionTestCases">
    <failure type="org.openqa.selenium.NoSuchSessionException" message="Session ID is null. Using WebDriver after calling quit()?
Build info: version: &amp;apos;3.14.0&amp;apos;, revision: &amp;apos;aacccce0&amp;apos;, time: &amp;apos;2018-08-02T20:19:58.91Z&amp;apos;
System info: host: &amp;apos;RAEFA-PC&amp;apos;, ip: &amp;apos;192.168.1.3&amp;apos;, os.name: &amp;apos;Windows 7&amp;apos;, os.arch: &amp;apos;x86&amp;apos;, os.version: &amp;apos;6.1&amp;apos;, java.version: &amp;apos;1.8.0_201&amp;apos;
Driver info: driver.version: RemoteWebDriver">
      <![CDATA[org.openqa.selenium.NoSuchSessionException: Session ID is null. Using WebDriver after calling quit()?
Build info: version: '3.14.0', revision: 'aacccce0', time: '2018-08-02T20:19:58.91Z'
System info: host: 'RAEFA-PC', ip: '192.168.1.3', os.name: 'Windows 7', os.arch: 'x86', os.version: '6.1', java.version: '1.8.0_201'
Driver info: driver.version: RemoteWebDriver
	at org.openqa.selenium.remote.HttpCommandExecutor.execute(HttpCommandExecutor.java:125)
	at org.openqa.selenium.remote.service.DriverCommandExecutor.execute(DriverCommandExecutor.java:83)
	at org.openqa.selenium.remote.RemoteWebDriver.execute(RemoteWebDriver.java:548)
	at org.openqa.selenium.remote.RemoteWebElement.execute(RemoteWebElement.java:276)
	at org.openqa.selenium.remote.RemoteWebElement.getText(RemoteWebElement.java:160)
	at hobsons.com.pages.OpenPositions.applyNow(OpenPositions.java:29)
	at hobsons.com.testCases.OpenPositionTestCases.applyforaposition(OpenPositionTestCases.java:44)
... Removed 25 stack frames]]>
    </failure>
  </testcase> <!-- applyforaposition -->
  <testcase name="RequireFielderrorMessageValidation" time="0.001" classname="hobsons.com.testCases.ApplicationSignUpTestCase">
    <skipped/>
  </testcase> <!-- RequireFielderrorMessageValidation -->
  <testcase name="VisitOpenOpportunities" time="1.776" classname="hobsons.com.testCases.CareerPageTestCases"/>
  <testcase name="visitCareerPage" time="0.342" classname="hobsons.com.testCases.HomePageTestCases">
    <skipped/>
  </testcase> <!-- visitCareerPage -->
  <testcase name="visitCareerPage" time="7.194" classname="hobsons.com.testCases.HomePageTestCases"/>
</testsuite> <!-- Test -->
